[INFO] Scanning for projects...
[INFO] 
[INFO] -----------------------------< aed:labo2 >------------------------------
[INFO] Building labo2 1.0-SNAPSHOT
[INFO] --------------------------------[ jar ]---------------------------------
[INFO] 
[INFO] --- jacoco-maven-plugin:0.8.10:prepare-agent (jacoco-initialize) @ labo2 ---
[INFO] argLine set to -javaagent:/home/sdandois/.m2/repository/org/jacoco/org.jacoco.agent/0.8.10/org.jacoco.agent-0.8.10-runtime.jar=destfile=/tmp/tmpnh7i981e/target/jacoco.exec
[INFO] 
[INFO] --- maven-resources-plugin:2.6:resources (default-resources) @ labo2 ---
[INFO] Using 'UTF-8' encoding to copy filtered resources.
[INFO] skip non existing resourceDirectory /tmp/tmpnh7i981e/src/main/resources
[INFO] 
[INFO] --- maven-compiler-plugin:3.1:compile (default-compile) @ labo2 ---
[INFO] Changes detected - recompiling the module!
[INFO] Compiling 2 source files to /tmp/tmpnh7i981e/target/classes
[INFO] ------------------------------------------------------------------------
[INFO] BUILD SUCCESS
[INFO] ------------------------------------------------------------------------
[INFO] Total time:  3.226 s
[INFO] Finished at: 2023-08-25T20:03:00-03:00
[INFO] ------------------------------------------------------------------------
