[INFO] Scanning for projects...
[INFO] 
[INFO] -----------------------------< aed:labo1 >------------------------------
[INFO] Building labo1 1.0-SNAPSHOT
[INFO] --------------------------------[ jar ]---------------------------------
[INFO] 
[INFO] --- jacoco-maven-plugin:0.8.10:prepare-agent (jacoco-initialize) @ labo1 ---
[INFO] argLine set to -javaagent:/home/sdandois/.m2/repository/org/jacoco/org.jacoco.agent/0.8.10/org.jacoco.agent-0.8.10-runtime.jar=destfile=/tmp/tmp5eusrvxk/target/jacoco.exec
[INFO] 
[INFO] --- maven-resources-plugin:2.6:resources (default-resources) @ labo1 ---
[INFO] Using 'UTF-8' encoding to copy filtered resources.
[INFO] skip non existing resourceDirectory /tmp/tmp5eusrvxk/src/main/resources
[INFO] 
[INFO] --- maven-compiler-plugin:3.1:compile (default-compile) @ labo1 ---
[INFO] Changes detected - recompiling the module!
[INFO] Compiling 1 source file to /tmp/tmp5eusrvxk/target/classes
[INFO] ------------------------------------------------------------------------
[INFO] BUILD SUCCESS
[INFO] ------------------------------------------------------------------------
[INFO] Total time:  2.916 s
[INFO] Finished at: 2023-08-19T18:16:06-03:00
[INFO] ------------------------------------------------------------------------
